
ROM used:   3810/32768 (12%)
            4442/32768 (14%) including unused fragments

            1.6 Average locations per line
            12.1 Average locations per statement

RAM used:   161/1536 (10%) at main() level
            189/1536 (12%) worst case

Stack used: 8 worst case (6 in main + 2 for interrupts)
Stack size: 31

Lines Stmts  %   Files
----- ----- ---  -----
  158    76  24  main.c
  840     0   0  ..\..\..\Program Files (x86)\PICC\Devices\18F4520.h
   15     0   0  definitions.h
   11     0   0  main.h
    8     0   0  delayms.h
  148     0   0  ucregisters.h
   25     0   0  init.h
   24     0   0  lcd.h
  129    42  13  lcd.c
   18     5   2  delayms.c
  268     0   0  1wire.c
   56     0   0  1wire.h
  101    67  21  ds1990a.c
   42     0   0  ds1990a.h
  423   125  40  ..\..\..\Program Files (x86)\PICC\Drivers\string.h
   32     0   0  ..\..\..\Program Files (x86)\PICC\Drivers\stddef.h
   28     0   0  ..\..\..\Program Files (x86)\PICC\Drivers\ctype.h
----- -----
 2326   315 Total

Page ROM  %  RAM   Vol Diff  Functions:
---- --- --- ---   --- ----  ----------
0     30   0    1             @delay_us1
0     18   0    1   100  1.7  dis_cmd
0     34   0    3   145  2.6  lcdcmd
0     10   0    0    17  0.8  twoLinesBCDMode
0     10   0    0    17  0.8  LinesActive
0     10   0    0    17  0.8  lcdClear
0     10   0    0    17  0.8  lcdGoToFirstLine
0     10   0    0    17  0.8  lcdGoToSecondLine
0     10   0    0    17  0.8  lcdShiftRight
0     10   0    0    17  0.8  lcdCursorOff
0     18   0    1   100  1.7  dis_data
0     36   0    3   145  2.6  lcddata
0     56   1    1   207  4.4  LCD_String
0     14   0    2    85  2.6  delayUsFun
0    282   4    0   646  2.4  @const812
0     50   1    2   274  4.4  onewire_write
0     46   1    1   136  2.2  Ow_Read_Bit
0     30   0    0    88  1.2  Ow_Write_One
0      6   0    0    33  1.3  OneWireRelease
0      6   0    0    35  1.1  OneWireLow
0     28   0    2    60  2.7  docrc8
0     60   1    2   161  2.2  Ow_Reset
0     30   0    0    57  1.0  Ow_Write_Zero
0    300   4   11  1985 12.2  Ow_Search
0     12   0    0    70  1.8  Ow_First
0      8   0    0    16  1.0  Ow_Next
0    148   2    7   343  8.6  strncmp
0    878  12   15  1955 10.7  ds1990SearchRom
0     26   0    0             @MEMSET
0     54   1    0             @const970
0     34   0    3             @PSTRINGCN_9600_31766_31767
0     40   1    3             @DIV88
0    180   2    6             @PRINTF_D_9600_31766_31767
0     66   1    2             @PRINTF_X_9600_31766_31767
0     18   0    0             @const982
0     36   0    2             @PSTRINGC_9600_31766_31767
0    220   3    7   696  8.0  ds1990ReadAndMatch
0     18   0    0   696  8.0  @const984
0     30   0    1   696  8.0  @SPRINTF
0     34   0    2   523  5.9  @PSTRINGC_986
0    164   2    4   283  5.1  compareROM
0     44   1    0   958  6.1  @const989
0     44   1    0   646  2.4  @const990
0     60   1    0   646  2.4  setupTimerIOSC
0     64   1    4   167  2.1  printOn2x16
0     60   1    0   646  2.4  @const994
0     96   1    2   348  4.7  timer1_interrupt
0     68   1    5    88  1.7  @DIV1616
0    142   2    0   703  5.8  MAIN
0      6   0    0     5  1.0  WDTreset
 Inline         0   703  5.8  @cinit1

Program metrics:
    Functions               42
    Statements              315
    Comments                626
    Volume (V)              26239
    Difficulty (D)          148.9
    Effort to implement (E) 3906643
    Time to implement (T)   60 hours, 17 minutes
    Est Delivered Bugs (B)  8
    Cyclomatic Complexity   69
    Maintainability (MI)    90

 Segment     Used  Free
-----------  ----  ----
00000-00006     4  4  
00008-00094   142  0  
00096-000FE   106  0  
00100-00400   142  628  
00402-07FFE  3416  28326  



