
ROM used:   2900/32768 (9%)
            3552/32768 (11%) including unused fragments

            1.6 Average locations per line
            9.2 Average locations per statement

RAM used:   106/1536 (7%) at main() level
            158/1536 (10%) worst case

Stack used: 7 worst case (5 in main + 2 for interrupts)
Stack size: 31

Lines Stmts  %   Files
----- ----- ---  -----
  154    75  24  main.c
  840     0   0  ..\..\..\Program Files (x86)\PICC\Devices\18F4520.h
   14     0   0  definitions.h
   11     0   0  main.h
    8     0   0  delayms.h
  140     0   0  ucregisters.h
   25     0   0  init.h
   24     0   0  lcd.h
   34     0   0  DS1307.h
  129    42  13  lcd.c
   18     5   2  delayms.c
  277   147  47  DS1307.c
   27    12   4  binbcdconv.c
   10     0   0  binbcdconv.h
   17     0   0  i2c.h
   60    33  11  i2c.c
----- -----
 1788   314 Total

Page ROM  %  RAM   Vol Diff  Functions:
---- --- --- ---   --- ----  ----------
0     18   0    1   100  1.7  dis_cmd
0     34   1    3   145  2.6  lcdcmd
0     10   0    0    17  0.8  twoLinesBCDMode
0     10   0    0    17  0.8  LinesActive
0     10   0    0    17  0.8  lcdClear
0     12   0    0    17  0.8  lcdGoToFirstLine
0     12   0    0    17  0.8  lcdGoToSecondLine
0     10   0    0    17  0.8  lcdShiftRight
0     10   0    0    17  0.8  lcdCursorOff
0     20   0    1   100  1.7  dis_data
0     36   1    3   145  2.6  lcddata
0     56   1    1   207  4.4  LCD_String
0     14   0    2    88  2.3  delayUsFun
0     32   1    2   203  5.1  bin2bcd
0     26   0    2    78  2.3  bcd2bin
0     12   0    0    52  1.7  _I2C_WAIT
0     20   0    1    70  2.3  _I2C_Write_Byte
0     30   1    2   192  4.4  _I2C_Read_Byte
0      8   0    0    38  1.7  _I2C_Start
0      8   0    0    38  1.7  _I2C_ReStart
0      8   0    0    38  1.7  _I2C_Stop
0     12   0    0    56  1.9  _I2CACK
0     12   0    0    57  1.7  _I2CNACK
0     34   1    1   147  3.0  DS1307_Init
0     72   1    7   422  4.3  ds1307_run
0    200   3    8  1259  6.8  ds1307_set_date_time
0     58   1    0     5  1.0  @goto10891
0    138   2    1   834  6.2  ds1307_get_time
0     54   1    0     5  1.0  @goto10914
0    346   6    1  1208  6.7  ds1307_get_date
0     44   1    0             @const860
0     28   0    1   601  3.6  @SPRINTF
0     40   1    3             @DIV88
0    170   3    6             @PRINTF_D0_862
0     30   1    3    14  0.7  @PSTRINGCN_862
0     38   1    2     5  1.0  @PSTRINGR_862
0     56   1    0    14  0.7  @goto10977
0    214   4    4   601  3.6  getDayText
0      8   0    0    14  0.7  getDay
0      8   0    0    14  0.7  getMonth
0      8   0    0    14  0.7  getYear
0    292   5   34   416  6.4  day_of_the_week
0     66   1    5   416  6.4  @DIV1616
0     60   1    0   646  2.4  setupTimerIOSC
0     64   1    4   167  2.1  printOn2x16
0     60   1    0   167  2.1  @const887
0     20   0    0    88  1.7  i2c_init
0     96   2    2   348  4.7  timer1_interrupt
0    124   2    0   576  4.3  MAIN
0      6   0    0     5  1.0  WDTreset
 Inline         0     5  1.0  @cinit1

Program metrics:
    Functions               48
    Statements              314
    Comments                633
    Volume (V)              18365
    Difficulty (D)          128.2
    Effort to implement (E) 2353717
    Time to implement (T)   36 hours, 19 minutes
    Est Delivered Bugs (B)  6
    Cyclomatic Complexity   62
    Maintainability (MI)    79

 Segment     Used  Free
-----------  ----  ----
00000-00006     4  4  
00008-00094   142  0  
00096-000FE   104  2  
00100-00400   124  646  
00402-07FFE  2526  29216  



