
ROM used:   5778/32768 (18%)
            6264/32768 (19%) including unused fragments

            2.1 Average locations per line
            8.0 Average locations per statement

RAM used:   119/1536 (8%) at main() level
            164/1536 (11%) worst case

Stack used: 9 worst case (7 in main + 2 for interrupts)
Stack size: 31

Lines Stmts  %   Files
----- ----- ---  -----
  174   103  14  main.c
  840     0   0  ..\..\..\Program Files (x86)\PICC\Devices\18F4520.h
   14     0   0  definitions.h
   13     0   0  main.h
    8     0   0  delayms.h
  162     0   0  ucregisters.h
   25     0   0  init.h
   24     0   0  lcd.h
   11     0   0  button.h
   44     0   0  DS1307timeset.h
   13     0   0  timedate.h
  129    42   6  lcd.c
   18     5   1  delayms.c
  146    64   9  DS1307.c
   27    12   2  binbcdconv.c
   10     0   0  binbcdconv.h
   33     0   0  DS1307.h
   26     0   0  i2c.h
  125    50   7  i2c.c
  423   125  17  ..\..\..\Program Files (x86)\PICC\Drivers\string.h
   32     0   0  ..\..\..\Program Files (x86)\PICC\Drivers\stddef.h
   28     0   0  ..\..\..\Program Files (x86)\PICC\Drivers\ctype.h
  222   170  24  DS1307timeset.c
   85    70  10  timedate.c
  101    80  11  button.c
----- -----
 2733   721 Total

Page ROM  %  RAM   Vol Diff  Functions:
---- --- --- ---   --- ----  ----------
0     18   0    1   100  1.7  dis_cmd
0     34   0    3   145  2.6  lcdcmd
0     10   0    0    17  0.8  twoLinesBCDMode
0     10   0    0    17  0.8  LinesActive
0     10   0    0    17  0.8  lcdClear
0     12   0    0    17  0.8  lcdGoToFirstLine
0     12   0    0    17  0.8  lcdGoToSecondLine
0     10   0    0    17  0.8  lcdShiftRight
0     10   0    0    17  0.8  lcdCursorOff
0     20   0    1   100  1.7  dis_data
0     36   0    3   145  2.6  lcddata
0     56   0    1   207  4.4  LCD_String
0     14   0    2    88  2.3  delayUsFun
0     32   0    2   203  5.1  bin2bcd
0     26   0    2    75  2.8  bcd2bin
0      6   0    0    27  0.9  I2C_Clock
0     44   0    3   269  5.1  _I2C_Read
0     34   0    2   245  5.0  _I2C_Write
0     22   0    1   125  2.5  _I2CACK
0     12   0    0    54  1.3  _I2C_Start
0     10   0    0    48  1.3  _I2C_Stop
0     10   0    0    38  1.4  i2cHighSda
0     12   0    0    56  1.6  i2cLowSda
0     10   0    0    38  1.4  i2cHighScl
0     12   0    0   121  1.2  i2cLowScl
0     24   0    0    74  1.2  DS1307_Init
0    136   1    8   540  2.9  ds1307_set_date_time
0    108   1    1   331  2.3  ds1307_get_date
0     84   1    1   263  2.3  ds1307_get_time
0    212   2    4   601  3.6  getDayText
0      8   0    0    14  0.7  getDay
0      8   0    0    14  0.7  getMonth
0      8   0    0    14  0.7  getYear
0    292   3   34   422  6.0  day_of_the_week
0     66   1    5             @DIV1616
0     70   1    1   207  2.7  setTimeCases
0    364   3    1  1092  3.8  chooseElement
0     26   0    0             @MEMSET
0     18   0    0             @const1035
0     28   0    1             @SPRINTF
0     32   0    2             @PSTRINGC_1037
0     18   0    0             @const1040
0     18   0    0             @const1041
0     18   0    0             @const1042
0     18   0    0             @const1043
0     18   0    0             @const1044
0     48   0    0             @goto11385
0    532   5    1  1187  3.9  arrangeValueOfElement
0     36   0    0             @const1046
0     30   0    3             @PSTRINGCN_1037
0     40   0    3             @DIV88
0    170   1    6             @PRINTF_D0_1037
0     36   0    0             @const1055
0     36   0    0             @const1056
0     36   0    0             @const1057
0     34   0    0             @const1058
0     34   0    0             @const1059
0     48   0    0             @goto11460
0    108   1    1   739  5.7  increaseElement
0     48   0    0             @goto11517
0    106   1    1   739  5.7  decreaseElement
0     48   0    0             @goto11574
0     96   1    1   492  4.7  setRTC
0     48   0    0             @goto11589
0     52   0    3   204  2.6  txRTC
0    132   1    2   362  3.9  exactDayOfMonth
0    288   2    1   904  4.3  runTime
0     44   0    0             @const1065
0     38   0    2             @PSTRINGR_1037
0      6   0    0    22  0.8  getTime
0    196   2    4   584  3.6  getDayTextt
0    292   3   34   424  5.8  day_of_the_weekk
0     34   0    3    81  2.9  test_bit
0    112   1    3   652  7.5  button_debounce_1
0    112   1    3   652  7.5  button_debounce_2
0    116   1    3   623  7.5  button_debounce_3
0     68   1    0   734  2.4  setupTimerIOSC
0     64   1    4   167  2.1  printOn2x16
0     60   1    0             @const1086
0    134   1    2   466  4.7  timer1_interrupt
0    288   2    1  1530  6.9  MAIN
0      6   0    0     5  1.0  WDTreset
 Inline         0             @cinit1

Program metrics:
    Functions               55
    Statements              721
    Comments                1013
    Volume (V)              31621
    Difficulty (D)          166.8
    Effort to implement (E) 5274858
    Time to implement (T)   81 hours, 24 minutes
    Est Delivered Bugs (B)  10
    Cyclomatic Complexity   113
    Maintainability (MI)    114

 Segment     Used  Free
-----------  ----  ----
00000-00006     4  4  
00008-00094   142  0  
00096-000FE   106  0  
00100-00400   288  482  
00402-07FFE  5238  26504  



