
ROM used:   4078/32768 (12%)
            4452/32768 (14%) including unused fragments

            1.8 Average locations per line
            7.9 Average locations per statement

RAM used:   293/1536 (19%) at main() level
            309/1536 (20%) worst case

Stack used: 9 worst case (7 in main + 2 for interrupts)
Stack size: 31

Lines Stmts  %   Files
----- ----- ---  -----
  313   200  39  main.c
  840     0   0  ..\..\..\Program Files (x86)\PICC\Devices\18F4520.h
   14     0   0  definitions.h
   15     0   0  main.h
    8     0   0  delayms.h
  121     0   0  ucregisters.h
   38     0   0  init.h
   10     0   0  button.h
   43     0   0  usart_rs232.h
   11     0   0  adc.h
   33     0   0  keypad.h
   24     0   0  lcd.h
  130    42   8  lcd.c
   29    17   3  button.c
   18     5   1  delayms.c
  143   102  20  usart_rs232.c
  423   125  24  ..\..\..\Program Files (x86)\PICC\Drivers\string.h
   32     0   0  ..\..\..\Program Files (x86)\PICC\Drivers\stddef.h
   28     0   0  ..\..\..\Program Files (x86)\PICC\Drivers\ctype.h
   45    24   5  adc.c
----- -----
 2318   515 Total

Page ROM  %  RAM   Vol Diff  Functions:
---- --- --- ---   --- ----  ----------
0     42   1    0    17  0.8  @const835
0     58   1    0    17  0.8  @const837
0     58   1    0    17  0.8  @const839
0     22   0    1   100  1.7  dis_cmd
0     42   1    3   145  2.6  lcdcmd
0     14   0    0    17  0.8  twoLinesBCDMode
0     14   0    0    17  0.8  LinesActive
0     12   0    0    17  0.8  lcdClear
0     14   0    0    17  0.8  lcdGoToFirstLine
0     14   0    0    17  0.8  lcdGoToSecondLine
0     14   0    0    17  0.8  lcdShiftRight
0     14   0    0    17  0.8  lcdCursorOff
0     22   0    1   100  1.7  dis_data
0     44   1    3   145  2.6  lcddata
0     72   1    1   207  4.4  LCD_String
0     40   0    3    81  2.9  test_bit
0     68   1    3   369  5.6  button_debounce
0     18   0    2   154  1.9  delayUsFun
0    150   2    7   343  8.6  strncmp
0    172   2    4   524  4.1  USART_Init
0     42   1    0    13  1.0  @const965
0     54   1    0  1498  4.4  @const966
0     44   1    0             @const967
0     12   0    1    42  1.8  USART_RxCharBuffer
0     46   1    3   204  3.6  USART_TxCharBuffer
0    180   2    2   511  3.7  rs232t_txText
0    374   5    4  1498  4.4  activationCommands
0     60   1    0  1002  7.3  @const977
0    144   2    2   936  6.9  rs232t
0     26   0    0   239  4.0  @MEMSET
0     24   0    0   154  1.7  adcSetup
0     98   1    3   322  5.3  ADC_Read
0     62   1    0   646  2.4  setupTimerIOSC
0     72   1    4   167  2.1  printOn2x16
0    142   2    2   239  4.0  lm35Calculate
0     36   0    5   239  4.0  @MUL1616
0     12   0    0   586  5.3  @const991
0     32   0    1  2243  9.4  @SPRINTF
0     42   1    3  2243  9.4  @PSTRINGCN_993
0     44   1    3   586  5.3  @DIV88
0    190   2    6  1150  4.9  @PRINTF_D_993
0    170   2    2   229  5.9  buttonKEY
0     18   0    0    53  2.3  buttonRead
0    298   4    1  2243  9.4  rs232Case
0    258   3    2   844  5.3  timer1_interrupt
0     70   1    5   844  5.3  @DIV1616
0    400   5    1  1717  5.9  MAIN
0     46   1    0   221  5.3  ccp1Control
0     26   0    0   130  1.8  ccp1PwmInit
0      6   0    0     5  1.0  WDTreset
 Inline         0     5  1.0  @cinit1

Program metrics:
    Functions               50
    Statements              515
    Comments                698
    Volume (V)              41335
    Difficulty (D)          187.5
    Effort to implement (E) 7752221
    Time to implement (T)   119 hours, 38 minutes
    Est Delivered Bugs (B)  13
    Cyclomatic Complexity   149
    Maintainability (MI)    74

 Segment     Used  Free
-----------  ----  ----
00000-00006     4  4  
00008-00094   142  0  
00096-000FE   106  0  
00100-00400   400  370  
00402-07FFE  3426  28316  



