
ROM used:   1696/32768 (5%)
            2374/32768 (7%) including unused fragments

            1.1 Average locations per line
            11.5 Average locations per statement

RAM used:   72/1536 (5%) at main() level
            92/1536 (6%) worst case

Stack used: 7 worst case (5 in main + 2 for interrupts)
Stack size: 31

Lines Stmts  %   Files
----- ----- ---  -----
  158    78  53  main.c
  840     0   0  ..\..\..\Program Files (x86)\PICC\Devices\18F4520.h
   15     0   0  definitions.h
   11     0   0  main.h
    8     0   0  delayms.h
  147     0   0  ucregisters.h
   25     0   0  init.h
   24     0   0  lcd.h
  129    42  28  lcd.c
   18     5   3  delayms.c
   83     0   0  1wire.c
   17     0   0  1wire.h
   83    23  16  ds1820.c
----- -----
 1558   148 Total

Page ROM  %  RAM   Vol Diff  Functions:
---- --- --- ---   --- ----  ----------
0     30   1    1             @delay_us1
0     18   1    1   100  1.7  dis_cmd
0     34   1    3   145  2.6  lcdcmd
0     10   0    0    17  0.8  twoLinesBCDMode
0     10   0    0    17  0.8  LinesActive
0     10   0    0    17  0.8  lcdClear
0     10   0    0    17  0.8  lcdGoToFirstLine
0     10   0    0    17  0.8  lcdGoToSecondLine
0     10   0    0    17  0.8  lcdShiftRight
0     10   0    0    17  0.8  lcdCursorOff
0     20   1    1   100  1.7  dis_data
0     36   1    3   145  2.6  lcddata
0     56   2    1   207  4.4  LCD_String
0     14   0    2    85  2.6  delayUsFun
0     34   1    1    55  1.1  onewire_reset
0     48   1    2   274  4.4  onewire_write
0     74   2    2   265  4.6  onewire_read
0      6   0    0    33  1.3  OneWireHigh
0      6   0    0    35  1.1  OneWireRelease
0    188   6    5   625  4.7  ds1820_read
0    118   3    6             @DIVS1616
0     10   0    0             @const832
0     28   1    1             @SPRINTF
0     32   1    3             @PSTRINGCN_834
0    244   7    9             @PRINTF_LD_834
0     28   1    0             @MEMSET
0     60   2    0   646  2.4  setupTimerIOSC
0     64   2    4   167  2.1  printOn2x16
0     60   2    0             @const846
0     98   3    2   367  4.7  timer1_interrupt
0     68   2    5             @DIV1616
0    100   3    0   531  4.3  MAIN
0      6   0    0     5  1.0  WDTreset
 Inline         0             @cinit1

Program metrics:
    Functions               24
    Statements              148
    Comments                444
    Volume (V)              7012
    Difficulty (D)          55.1
    Effort to implement (E) 386073
    Time to implement (T)   5 hours, 57 minutes
    Est Delivered Bugs (B)  2
    Cyclomatic Complexity   16
    Maintainability (MI)    130

 Segment     Used  Free
-----------  ----  ----
00000-00006     4  4  
00008-00094   142  0  
00096-000FE   102  4  
00100-00400   100  670  
00402-07FFE  1348  30394  



