
ROM used:   3564/32768 (11%)
            4226/32768 (13%) including unused fragments

            1.8 Average locations per line
            15.0 Average locations per statement

RAM used:   146/1536 (10%) at main() level
            164/1536 (11%) worst case

Stack used: 8 worst case (6 in main + 2 for interrupts)
Stack size: 31

Lines Stmts  %   Files
----- ----- ---  -----
  193   111  47  main.c
  840     0   0  ..\..\..\Program Files (x86)\PICC\Devices\18F4520.h
   15     0   0  definitions.h
   12     0   0  main.h
    8     0   0  delayms.h
  147     0   0  ucregisters.h
   25     0   0  init.h
   24     0   0  lcd.h
   38     0   0  ds1820.h
  129    42  18  lcd.c
   18     5   2  delayms.c
  267     0   0  1wire.c
   57     0   0  1wire.h
  155    79  33  ds1820.c
----- -----
 1928   237 Total

Page ROM  %  RAM   Vol Diff  Functions:
---- --- --- ---   --- ----  ----------
0     30   0    1             @delay_us1
0     18   0    1   100  1.7  dis_cmd
0     34   0    3   145  2.6  lcdcmd
0     10   0    0    17  0.8  twoLinesBCDMode
0     10   0    0    17  0.8  LinesActive
0     10   0    0    17  0.8  lcdClear
0     10   0    0    17  0.8  lcdGoToFirstLine
0     10   0    0    17  0.8  lcdGoToSecondLine
0     10   0    0    17  0.8  lcdShiftRight
0     10   0    0    17  0.8  lcdCursorOff
0     20   0    1   100  1.7  dis_data
0     36   1    3   145  2.6  lcddata
0     56   1    1   207  4.4  LCD_String
0     14   0    2    85  2.6  delayUsFun
0    282   4    0    55  1.1  @const828
0     36   1    1    55  1.1  onewire_reset
0     48   1    2   274  4.4  onewire_write
0     76   1    2   265  4.6  onewire_read
0      6   0    0    33  1.3  OneWireRelease
0      6   0    0    35  1.1  OneWireLow
0     28   0    2    60  2.7  docrc8
0     60   1    2   161  2.2  Ow_Reset
0     46   1    1   136  2.2  Ow_Read_Bit
0     30   0    0    88  1.2  Ow_Write_One
0     30   0    0    57  1.0  Ow_Write_Zero
0    300   4   11  1985 12.2  Ow_Search
0     14   0    0    70  1.8  Ow_First
0      6   0    0    16  1.0  Ow_Next
0    360   5    3  1096  7.7  searchRom
0     26   0    0   625  4.7  @MEMSET
0     18   0    0   625  4.7  @const869
0     36   1    2   367  4.7  @PSTRINGC_9600_31766_31767
0    190   3    3   789  7.7  ds1820_read_from_rom
0    118   2    6   597  4.7  @DIVS1616
0     10   0    0   625  4.7  @const882
0     28   0    1   147  1.9  @SPRINTF
0     30   0    3   646  2.4  @PSTRINGCN_884
0    242   3    9   597  4.7  @PRINTF_LD_884
0     60   1    0   646  2.4  setupTimerIOSC
0     64   1    4   167  2.1  printOn2x16
0     60   1    0   167  2.1  @const893
0     96   1    2   348  4.7  timer1_interrupt
0     68   1    5   348  4.7  @DIV1616
0    112   2    0   556  3.8  MAIN
0    546   8    0  1233  6.8  multid18b20cal
0     34   0    0     5  1.0  @const902
0     34   0    0    88  1.7  @const903
0     34   0    0   367  4.7  @const904
0      6   0    0     5  1.0  WDTreset
 Inline         0   508  3.8  @cinit1

Program metrics:
    Functions               49
    Statements              237
    Comments                463
    Volume (V)              27702
    Difficulty (D)          152.0
    Effort to implement (E) 4211676
    Time to implement (T)   65 hours, 0 minutes
    Est Delivered Bugs (B)  9
    Cyclomatic Complexity   62
    Maintainability (MI)    62

 Segment     Used  Free
-----------  ----  ----
00000-00006     4  4  
00008-00094   142  0  
00096-000FE   106  0  
00100-00400   112  658  
00402-07FFE  3200  28542  



