
ROM used:   160/32768 (0%)
            160/32768 (0%) including unused fragments

            0.2 Average locations per line
            12.3 Average locations per statement

RAM used:   15/1536 (1%) at main() level
            21/1536 (1%) worst case

Stack used: 1 worst case (1 in main + 0 for interrupts)
Stack size: 31

Lines Stmts  %   Files
----- ----- ---  -----
   39     9  69  main.c
  840     0   0  ..\..\..\Program Files (x86)\PICC\Devices\18F4520.h
    8     0   0  definitions.h
   11     0   0  main.h
    9     4  31  delayms.c
    7     0   0  delayms.h
    8     0   0  ucregisters.h
----- -----
  922    13 Total

Page ROM  %  RAM   Vol Diff  Functions:
---- --- --- ---   --- ----  ----------
0     52  16    6   166  3.8  delayMsFun
0    104  32    1   199  4.0  MAIN
 Inline         0   211  4.1  @cinit1

Program metrics:
    Functions               3
    Statements              13
    Comments                231
    Volume (V)              765
    Difficulty (D)          11.9
    Effort to implement (E) 9099
    Time to implement (T)   8 minutes
    Est Delivered Bugs (B)  0
    Cyclomatic Complexity   4
    Maintainability (MI)    161

 Segment     Used  Free
-----------  ----  ----
00000-00002     4  0  
00004-07FFE   156  32608  



