
ROM used:   20844/32768 (64%)
            22576/32768 (69%) including unused fragments

            7.9 Average locations per line
            109.7 Average locations per statement

RAM used:   1051/1536 (68%) at main() level
            1063/1536 (69%) worst case

Stack used: 6 worst case (4 in main + 2 for interrupts)
Stack size: 31

Lines Stmts  %   Files
----- ----- ---  -----
  123    48  25  main.c
  840     0   0  ..\..\..\Program Files (x86)\PICC\Devices\18F4520.h
   15     0   0  definitions.h
   11     0   0  main.h
    8     0   0  delayms.h
  109     0   0  ucregisters.h
   25     0   0  init.h
   32     0   0  Animation.h
   25     0   0  glcd.h
 1317    58  31  Animation.c
   18     5   3  delayms.c
  121    79  42  glcd.c
----- -----
 2644   190 Total

Page ROM  %  RAM   Vol Diff  Functions:
---- --- --- ---   --- ----  ----------
0     42   0    1             @delay_ms1
0   1048   3    0             @const792
0   1048   3    0             @const794
0   1048   3    0             @const796
0   1048   3    0             @const798
0   1048   3    0             @const800
0   1048   3    0             @const802
0   1048   3    0             @const804
0   1048   3    0             @const806
0   1048   3    0             @const808
0   1048   3    0             @const810
0   1048   3    0             @const812
0   1048   3    0             @const814
0   1048   3    0             @const816
0   1048   3    0             @const818
0   1048   3    0             @const820
0   1048   3    0             @const822
0   1048   3    0             @const824
0   1048   3    0             @const826
0   1088   3    4560928  5.5  createEarthimation
0     78   0    0   270  1.9  GLCD_Init
0     36   0    1   169  1.8  GLCD_Command
0     16   0    1   108  1.7  GLCD_Char
0    186   0    6   601  4.8  GLCD_String
0     76   0    3   313  4.2  GLCD_Clear
0     10   0    0    45  1.4  CS1FUN
0     12   0    0    45  1.4  CS2FUN
0      4   0    0     3  0.0  NOP
0     50   0    0   505  2.4  setupTimerIOSC
0     88   0    2   254  4.6  timer1_interrupt
0     72   0    5             @DIV1616
0     70   0    0   333  3.7  MAIN
0      6   0    0     5  1.0  WDTreset
 Inline         0             @cinit1

Program metrics:
    Functions               13
    Statements              190
    Comments                381
    Volume (V)              569259
    Difficulty (D)          38.4
    Effort to implement (E) 21885644
    Time to implement (T)   337 hours, 44 minutes
    Est Delivered Bugs (B)  26
    Cyclomatic Complexity   28
    Maintainability (MI)    115

 Segment     Used  Free
-----------  ----  ----
00000-00006     4  4  
00008-00094   142  0  
00096-000FE   102  4  
00100-00800    70  1724  
00802-07FFE  20526  10192  



