
ROM used:   1914/32768 (6%)
            2114/32768 (6%) including unused fragments

            1.2 Average locations per line
            7.6 Average locations per statement

RAM used:   197/1536 (13%) at main() level
            208/1536 (14%) worst case

Stack used: 7 worst case (5 in main + 2 for interrupts)
Stack size: 31

Lines Stmts  %   Files
----- ----- ---  -----
  220   128  51  main.c
  840     0   0  ..\..\..\Program Files (x86)\PICC\Devices\18F4520.h
    9     0   0  definitions.h
   11     0   0  main.h
    8     0   0  delayms.h
  112     0   0  ucregisters.h
   22     0   0  init.h
   10     0   0  button.h
   40     0   0  usart_rs232.h
   23     0   0  lcd.h
  128    41  16  lcd.c
   29    17   7  button.c
   17     6   2  delayms.c
   95    60  24  usart_rs232.c
----- -----
 1564   252 Total

Page ROM  %  RAM   Vol Diff  Functions:
---- --- --- ---   --- ----  ----------
0     18   0    1   100  1.7  dis_cmd
0     34   1    3   145  2.6  lcdcmd
0     10   0    0    17  0.8  twoLinesBCDMode
0     10   0    0    17  0.8  LinesActive
0     10   0    0    17  0.8  lcdClear
0     10   0    0    17  0.8  lcdGoToFirstLine
0     10   0    0    17  0.8  lcdGoToSecondLine
0     10   0    0    17  0.8  lcdShiftRight
0     10   0    0    17  0.8  lcdCursorOff
0     18   0    1   100  1.7  dis_data
0     36   1    3   145  2.6  lcddata
0     54   1    1   183  4.4  LCD_String
0     36   1    3    81  2.9  test_bit
0     68   2    3   369  5.6  button_debounce
0     14   0    2    88  2.3  delayUsFun
0    156   4    4   480  3.6  USART_Init
0     42   1    0   369  5.6  @const807
0     54   1    0   165  4.0  @const808
0     44   1    0    88  2.3  @const809
0     12   0    1    42  1.8  USART_RxCharBuffer
0     34   1    1   112  2.6  USART_TxCharBuffer
0    154   4    2   480  3.8  rs232t_txText
0    146   4    2   907  7.2  rs232t
0     26   1    0    42  1.8  @MEMSET
0     70   2    0   734  2.4  setup
0     60   2    4   145  2.0  printOn2x16
0     60   2    0   907  7.2  @const821
0      6   0    0     5  1.0  WDTreset
0    276   7    1  2243  9.4  rs232Case
0    152   4    2   482  5.2  interrupt
0     66   2    5   734  2.4  @DIV1616
0     62   2    0   418  3.8  MAIN
 Inline         0  2243  9.4  @cinit1

Program metrics:
    Functions               33
    Statements              252
    Comments                415
    Volume (V)              20349
    Difficulty (D)          112.4
    Effort to implement (E) 2286662
    Time to implement (T)   35 hours, 17 minutes
    Est Delivered Bugs (B)  6
    Cyclomatic Complexity   67
    Maintainability (MI)    69

 Segment     Used  Free
-----------  ----  ----
00000-00006     4  4  
00008-00094   142  0  
00096-000FE   106  0  
00100-00200    62  196  
00202-07FFE  1600  30654  



