
ROM used:   3540/32768 (11%)
            4022/32768 (12%) including unused fragments

            1.6 Average locations per line
            7.5 Average locations per statement

RAM used:   284/1536 (18%) at main() level
            302/1536 (20%) worst case

Stack used: 9 worst case (7 in main + 2 for interrupts)
Stack size: 31

Lines Stmts  %   Files
----- ----- ---  -----
  290   183  39  main.c
  840     0   0  ..\..\..\Program Files (x86)\PICC\Devices\18F4520.h
   14     0   0  definitions.h
   15     0   0  main.h
    8     0   0  delayms.h
  118     0   0  ucregisters.h
   36     0   0  init.h
   10     0   0  button.h
   43     0   0  usart_rs232.h
   24     0   0  lcd.h
  130    42   9  lcd.c
   29    17   4  button.c
   18     5   1  delayms.c
  138    99  21  usart_rs232.c
  423   125  27  ..\..\..\Program Files (x86)\PICC\Drivers\string.h
   32     0   0  ..\..\..\Program Files (x86)\PICC\Drivers\stddef.h
   28     0   0  ..\..\..\Program Files (x86)\PICC\Drivers\ctype.h
----- -----
 2196   471 Total

Page ROM  %  RAM   Vol Diff  Functions:
---- --- --- ---   --- ----  ----------
0     22   0    1   100  1.7  dis_cmd
0     42   1    3   145  2.6  lcdcmd
0     14   0    0    17  0.8  twoLinesBCDMode
0     14   0    0    17  0.8  LinesActive
0     12   0    0    17  0.8  lcdClear
0     14   0    0    17  0.8  lcdGoToFirstLine
0     14   0    0    17  0.8  lcdGoToSecondLine
0     14   0    0    17  0.8  lcdShiftRight
0     14   0    0    17  0.8  lcdCursorOff
0     22   0    1   100  1.7  dis_data
0     44   1    3   145  2.6  lcddata
0     72   1    1   207  4.4  LCD_String
0     40   1    3    81  2.9  test_bit
0     68   1    3   369  5.6  button_debounce
0     18   0    2   154  1.9  delayUsFun
0    150   2    7   343  8.6  strncmp
0    172   2    4   524  4.1  USART_Init
0     42   1    0   524  4.1  @const940
0     54   1    0   807  4.8  @const941
0     44   1    0     5  1.0  @const942
0     12   0    1    42  1.8  USART_RxCharBuffer
0     38   1    1   112  2.6  USART_TxCharBuffer
0    174   2    2   483  3.7  rs232t_txText
0    374   5    4  1498  4.4  activationCommands
0     60   1    0   995  7.6  @const950
0    176   2    6   995  7.6  rs232t
0     26   0    0   646  2.4  @MEMSET
0     62   1    0   646  2.4  setupTimerIOSC
0     18   0    0    88  1.7  adcSetup
0     72   1    4   167  2.1  printOn2x16
0    142   2    2   239  4.0  lm35Calculate
0     36   1    5   646  2.4  @MUL1616
0     12   0    0    88  1.7  @const966
0     32   0    1   167  2.1  @SPRINTF
0     42   1    3   239  4.0  @PSTRINGCN_968
0     44   1    3   239  4.0  @DIV88
0    190   3    6   223  4.0  @PRINTF_D_968
0     70   1    3   223  4.0  ADC_Read
0    294   4    1  2243  9.4  rs232Case
0    192   3    2   586  5.3  timer1_interrupt
0     70   1    5  1021  4.9  @DIV1616
0    296   4    0  1021  4.9  MAIN
0     46   1    0   221  5.3  ccp1Control
0     24   0    0   130  1.8  ccp1PwmInit
0      6   0    0     5  1.0  WDTreset
 Inline         0   807  4.8  @cinit1

Program metrics:
    Functions               46
    Statements              471
    Comments                626
    Volume (V)              32054
    Difficulty (D)          158.0
    Effort to implement (E) 5063462
    Time to implement (T)   78 hours, 8 minutes
    Est Delivered Bugs (B)  10
    Cyclomatic Complexity   92
    Maintainability (MI)    72

 Segment     Used  Free
-----------  ----  ----
00000-00006     4  4  
00008-00094   142  0  
00096-000FE   102  4  
00100-00400   296  474  
00402-07FFE  2996  28746  



