
ROM used:   3528/32768 (11%)
            4216/32768 (13%) including unused fragments

            2.2 Average locations per line
            14.2 Average locations per statement

RAM used:   317/1536 (21%) at main() level
            343/1536 (22%) worst case

Stack used: 7 worst case (5 in main + 2 for interrupts)
Stack size: 31

Lines Stmts  %   Files
----- ----- ---  -----
  162    74  30  main.c
  840     0   0  ..\..\..\Program Files (x86)\PICC\Devices\18F4520.h
    9     0   0  definitions.h
   13     0   0  main.h
    8     0   0  delayms.h
   98     0   0  ucregisters.h
   22     0   0  init.h
   10     0   0  button.h
   11     0   0  usart_rs232.h
   24     0   0  lcd.h
  129    42  17  lcd.c
   29    17   7  button.c
   17     6   2  delayms.c
   33    10   4  usart_rs232.c
  143   100  40  modbusrtu.c
   68     0   0  modbusrtu.h
----- -----
 1616   249 Total

Page ROM  %  RAM   Vol Diff  Functions:
---- --- --- ---   --- ----  ----------
0     22   0    1   100  1.7  dis_cmd
0     42   1    3   145  2.6  lcdcmd
0     14   0    0    17  0.8  twoLinesBCDMode
0     14   0    0    17  0.8  LinesActive
0     14   0    0    17  0.8  lcdClear
0     16   0    0    17  0.8  lcdGoToFirstLine
0     16   0    0    17  0.8  lcdGoToSecondLine
0     14   0    0    17  0.8  lcdShiftRight
0     14   0    0    17  0.8  lcdCursorOff
0     24   0    1   100  1.7  dis_data
0     44   1    3   145  2.6  lcddata
0     56   1    1   207  4.4  LCD_String
0     18   0    2    86  2.4  delayUsFun
0     20   0    0    90  1.5  USART_Init
0     10   0    1    38  1.8  USART_RxCharBuffer
0     12   0    2    58  1.5  USART_TxCharBuffer
0    282   4    0             @const787
0    282   4    0             @const790
0     68   1    1   270  3.6  modbusRTUrx
0    852  12    4  2382 12.2  modbusReadReg
0     40   1    0             @const797
0     32   0    1             @SPRINTF
0     70   1    2             @PRINTF_X_799
0     40   1    3             @PSTRINGCN_799
0     40   1    0  1057  9.1  @const810
0    452   6    2  1057  9.1  modbusWriteSingleReg
0     40   1    0   249  5.0  @const813
0     74   1    2   249  5.0  modbusResponse
0     20   0    0    33  1.3  clearResponse
0     26   0    0    35  1.1  @MEMSET
0     20   0    0    35  1.1  clearQuery
0    224   3   10   694  7.9  CRC16
0     60   1    0   646  2.4  setupTimerIOSC
0     72   1    4   167  2.1  printOn2x16
0     60   1    0   447  4.7  @const828
0    118   2    2   447  4.7  interrupt
0     72   1    5   539  4.3  @DIV1616
0     88   1    1   539  4.3  MAIN
 Inline         0             @cinit1

Program metrics:
    Functions               32
    Statements              249
    Comments                482
    Volume (V)              17117
    Difficulty (D)          109.4
    Effort to implement (E) 1871890
    Time to implement (T)   28 hours, 53 minutes
    Est Delivered Bugs (B)  5
    Cyclomatic Complexity   44
    Maintainability (MI)    91

 Segment     Used  Free
-----------  ----  ----
00000-00006     4  4  
00008-00094   142  0  
00096-000FE   104  2  
00100-00400    88  682  
00402-07FFE  3190  28552  



