
ROM used:   1080/32768 (3%)
            1222/32768 (4%) including unused fragments

            0.8 Average locations per line
            7.6 Average locations per statement

RAM used:   86/1536 (6%) at main() level
            101/1536 (7%) worst case

Stack used: 8 worst case (6 in main + 2 for interrupts)
Stack size: 31

Lines Stmts  %   Files
----- ----- ---  -----
  171    75  53  main.c
  840     0   0  ..\..\..\Program Files (x86)\PICC\Devices\18F4520.h
    9     0   0  definitions.h
   13     0   0  main.h
    8     0   0  delayms.h
   99     0   0  ucregisters.h
   20     0   0  init.h
   10     0   0  button.h
   22     0   0  lcd.h
  131    44  31  lcd.c
   29    17  12  button.c
   17     6   4  delayms.c
----- -----
 1369   142 Total

Page ROM  %  RAM   Vol Diff  Functions:
---- --- --- ---   --- ----  ----------
0     18   1    1   100  1.7  dis_cmd
0     34   2    3   145  2.6  lcdcmd
0     10   0    0    17  0.8  twoLinesBCDMode
0     10   0    0    17  0.8  LinesActive
0     10   0    0    17  0.8  lcdClear
0     10   0    0    17  0.8  lcdGoToFirstLine
0     10   0    0    17  0.8  lcdGoToSecondLine
0     10   0    0    17  0.8  lcdShiftRight
0     10   0    0    17  0.8  lcdCursorOff
0     18   1    1   100  1.7  dis_data
0     34   2    3   145  2.6  lcddata
0     74   3    2   297  5.0  LCD_String
0     58   3    5   229  4.8  LCD_Custom_Char
0     36   2    3    81  2.9  test_bit
0     68   3    3   369  5.6  button_debounce
0     14   1    2    85  2.6  delayUsFun
0     66   3    0   675  2.4  setup
0     82   4    4   204  1.7  printOn2x16
0     50   2    0     5  1.0  @const762
0      6   0    0     5  1.0  WDTreset
0    116   5    2   364  5.2  interrupt
0     66   3    5   415  4.2  @DIV1616
0    124   6    0   415  4.2  MAIN
 Inline         0             @cinit1

Program metrics:
    Functions               23
    Statements              142
    Comments                389
    Volume (V)              6710
    Difficulty (D)          57.8
    Effort to implement (E) 387953
    Time to implement (T)   5 hours, 59 minutes
    Est Delivered Bugs (B)  2
    Cyclomatic Complexity   19
    Maintainability (MI)    116

 Segment     Used  Free
-----------  ----  ----
00000-00006     4  4  
00008-00094   142  0  
00096-000FE   102  4  
00100-00200   124  134  
00202-07FFE   708  31546  



